<?xml version="1.0" encoding="UTF-8"?>
<!-- Generated by org.testng.reporters.JUnitReportReporter -->
<testsuite hostname="339af3fc305f" failures="0" tests="6" name="runners.TestRunner1" time="89.270" errors="6" timestamp="2025-12-11T15:17:04 GMT" skipped="0">
  <testcase classname="runners.TestRunner1" name="runScenario" time="12.642">
    <error type="java.lang.NullPointerException">
      <![CDATA[java.lang.NullPointerException
at stepDefinitions.LoginStepsForSauceDemo.the_user_navigates_to_the_sauce_demo_login_page(LoginStepsForSauceDemo.java:19)
at ✽.the user navigates to the Sauce Demo login page(file:///home/seleniumbddtestframework/src/test/resources/features/SauceDemoLogin.feature:5)
]]>
    </error>
  </testcase> <!-- runScenario -->
  <system-out/>
  <testcase classname="runners.TestRunner1" name="runScenario" time="12.668">
    <error type="java.lang.NullPointerException">
      <![CDATA[java.lang.NullPointerException
at stepDefinitions.LoginStepsForSauceDemo.the_user_navigates_to_the_sauce_demo_login_page(LoginStepsForSauceDemo.java:19)
at ✽.the user navigates to the Sauce Demo login page(file:///home/seleniumbddtestframework/src/test/resources/features/SauceDemoLogin.feature:5)
]]>
    </error>
  </testcase> <!-- runScenario -->
  <system-out/>
  <testcase classname="runners.TestRunner1" name="runScenario" time="26.837">
    <error type="java.lang.NullPointerException">
      <![CDATA[java.lang.NullPointerException
at stepDefinitions.LoginStepsForSauceDemo.the_user_navigates_to_the_sauce_demo_login_page(LoginStepsForSauceDemo.java:19)
at ✽.the user navigates to the Sauce Demo login page(file:///home/seleniumbddtestframework/src/test/resources/features/SauceDemoLogin.feature:5)
]]>
    </error>
  </testcase> <!-- runScenario -->
  <system-out/>
  <testcase classname="runners.TestRunner1" name="runScenario" time="15.165">
    <error type="java.lang.NullPointerException">
      <![CDATA[java.lang.NullPointerException
at stepDefinitions.LoginStepsForSauceDemo.the_user_navigates_to_the_sauce_demo_login_page(LoginStepsForSauceDemo.java:19)
at ✽.the user navigates to the Sauce Demo login page(file:///home/seleniumbddtestframework/src/test/resources/features/SauceDemoLogin.feature:5)
]]>
    </error>
  </testcase> <!-- runScenario -->
  <system-out/>
  <testcase classname="runners.TestRunner1" name="runScenario" time="14.139">
    <error type="java.lang.NullPointerException">
      <![CDATA[java.lang.NullPointerException
at stepDefinitions.LoginStepsForSauceDemo.the_user_navigates_to_the_sauce_demo_login_page(LoginStepsForSauceDemo.java:19)
at ✽.the user navigates to the Sauce Demo login page(file:///home/seleniumbddtestframework/src/test/resources/features/SauceDemoLogin.feature:5)
]]>
    </error>
  </testcase> <!-- runScenario -->
  <system-out/>
  <testcase classname="runners.TestRunner1" name="runScenario" time="7.819">
    <error type="java.lang.NullPointerException">
      <![CDATA[java.lang.NullPointerException
at stepDefinitions.LoginStepsForSauceDemo.the_user_navigates_to_the_sauce_demo_login_page(LoginStepsForSauceDemo.java:19)
at ✽.the user navigates to the Sauce Demo login page(file:///home/seleniumbddtestframework/src/test/resources/features/SauceDemoLogin.feature:5)
]]>
    </error>
  </testcase> <!-- runScenario -->
  <system-out/>
</testsuite> <!-- runners.TestRunner1 -->
