<?xml version="1.0" encoding="UTF-8"?>
<testsuite xmlns:xsi="http://www.w3.org/2001/XMLSchema-instance" xsi:noNamespaceSchemaLocation="https://maven.apache.org/surefire/maven-surefire-plugin/xsd/surefire-test-report-3.0.xsd" version="3.0" name="TestSuite" time="115.549" tests="30" errors="0" skipped="12" failures="18">
  <properties>
[...]
</properties>
  <testcase name="setUp[firefox](0)" classname="tests.LoginTest" time="2.886">
    <failure message="org/apache/commons/io/function/IOIterator" type="java.lang.NoClassDefFoundError"><![CDATA[java.lang.NoClassDefFoundError: org/apache/commons/io/function/IOIterator
	at io.github.bonigarcia.wdm.online.Downloader.unTarGz(Downloader.java:280)
	at io.github.bonigarcia.wdm.online.Downloader.extract(Downloader.java:193)
	at io.github.bonigarcia.wdm.online.Downloader.downloadAndExtract(Downloader.java:140)
	at io.github.bonigarcia.wdm.online.Downloader.download(Downloader.java:92)
	at io.github.bonigarcia.wdm.WebDriverManager.download(WebDriverManager.java:1299)
	at io.github.bonigarcia.wdm.WebDriverManager.manage(WebDriverManager.java:1200)
	at io.github.bonigarcia.wdm.WebDriverManager.setup(WebDriverManager.java:429)
	at utilities.DriverManager.setDriver(DriverManager.java:34)
	at base.BaseTest.setUp(BaseTest.java:75)
	at java.base/jdk.internal.reflect.NativeMethodAccessorImpl.invoke0(Native Method)
	at java.base/jdk.internal.reflect.NativeMethodAccessorImpl.invoke(NativeMethodAccessorImpl.java:62)
	at java.base/jdk.internal.reflect.DelegatingMethodAccessorImpl.invoke(DelegatingMethodAccessorImpl.java:43)
	at java.base/java.lang.reflect.Method.invoke(Method.java:566)
	at org.testng.internal.invokers.MethodInvocationHelper.invokeMethod(MethodInvocationHelper.java:139)
	at org.testng.internal.invokers.MethodInvocationHelper.invokeMethodConsideringTimeout(MethodInvocationHelper.java:69)
	at org.testng.internal.invokers.ConfigInvoker.invokeConfigurationMethod(ConfigInvoker.java:361)
	at org.testng.internal.invokers.ConfigInvoker.invokeConfigurations(ConfigInvoker.java:296)
	at org.testng.internal.invokers.TestMethodWorker.invokeBeforeClassMethods(TestMethodWorker.java:180)
	at org.testng.internal.invokers.TestMethodWorker.run(TestMethodWorker.java:122)
	at java.base/java.util.ArrayList.forEach(ArrayList.java:1541)
	at org.testng.TestRunner.privateRun(TestRunner.java:829)
	at org.testng.TestRunner.run(TestRunner.java:602)
	at org.testng.SuiteRunner.runTest(SuiteRunner.java:437)
	at org.testng.SuiteRunner$SuiteWorker.run(SuiteRunner.java:475)
	at org.testng.internal.thread.ThreadUtil.lambda$execute$0(ThreadUtil.java:58)
	at java.base/java.util.concurrent.FutureTask.run(FutureTask.java:264)
	at java.base/java.util.concurrent.ThreadPoolExecutor.runWorker(ThreadPoolExecutor.java:1128)
	at java.base/java.util.concurrent.ThreadPoolExecutor$Worker.run(ThreadPoolExecutor.java:628)
	at java.base/java.lang.Thread.run(Thread.java:829)
Caused by: java.lang.ClassNotFoundException: org.apache.commons.io.function.IOIterator
	at java.base/jdk.internal.loader.BuiltinClassLoader.loadClass(BuiltinClassLoader.java:581)
	at java.base/jdk.internal.loader.ClassLoaders$AppClassLoader.loadClass(ClassLoaders.java:178)
	at java.base/java.lang.ClassLoader.loadClass(ClassLoader.java:527)
	... 29 more
]]></failure>
    <system-out><![CDATA[...
... TestNG 7.7.0 by Cédric Beust (cedric@beust.com)
...

]]></system-out>
  </testcase>
  <testcase name="LoginTest" classname="tests.LoginTest" time="0">
    <skipped message="org/apache/commons/io/function/IOIterator"/>
  </testcase>
  <testcase name="LoginTest" classname="tests.LoginTest" time="0">
    <skipped message="Could not start a new session. Possible causes are invalid address of the remote server or browser start-up failure. &#10;Host info: host: &apos;339af3fc305f&apos;, ip: &apos;172.19.0.3&apos;"/>
  </testcase>
  <testcase name="getResult" classname="tests.LoginTest" time="0">
    <skipped/>
  </testcase>
  <testcase name="getResult" classname="tests.LoginTest" time="0">
    <skipped/>
  </testcase>
  <testcase name="tearDown" classname="tests.LoginTest" time="0">
    <failure type="java.lang.NullPointerException"><![CDATA[java.lang.NullPointerException
	at base.BaseTest.tearDown(BaseTest.java:115)
	at java.base/jdk.internal.reflect.NativeMethodAccessorImpl.invoke0(Native Method)
	at java.base/jdk.internal.reflect.NativeMethodAccessorImpl.invoke(NativeMethodAccessorImpl.java:62)
	at java.base/jdk.internal.reflect.DelegatingMethodAccessorImpl.invoke(DelegatingMethodAccessorImpl.java:43)
	at java.base/java.lang.reflect.Method.invoke(Method.java:566)
	at org.testng.internal.invokers.MethodInvocationHelper.invokeMethod(MethodInvocationHelper.java:139)
	at org.testng.internal.invokers.MethodInvocationHelper.invokeMethodConsideringTimeout(MethodInvocationHelper.java:69)
	at org.testng.internal.invokers.ConfigInvoker.invokeConfigurationMethod(ConfigInvoker.java:361)
	at org.testng.internal.invokers.ConfigInvoker.invokeConfigurations(ConfigInvoker.java:296)
	at org.testng.internal.invokers.TestMethodWorker.invokeAfterClassMethods(TestMethodWorker.java:222)
	at org.testng.internal.invokers.TestMethodWorker.run(TestMethodWorker.java:131)
	at java.base/java.util.ArrayList.forEach(ArrayList.java:1541)
	at org.testng.TestRunner.privateRun(TestRunner.java:829)
	at org.testng.TestRunner.run(TestRunner.java:602)
	at org.testng.SuiteRunner.runTest(SuiteRunner.java:437)
	at org.testng.SuiteRunner$SuiteWorker.run(SuiteRunner.java:475)
	at org.testng.internal.thread.ThreadUtil.lambda$execute$0(ThreadUtil.java:58)
	at java.base/java.util.concurrent.FutureTask.run(FutureTask.java:264)
	at java.base/java.util.concurrent.ThreadPoolExecutor.runWorker(ThreadPoolExecutor.java:1128)
	at java.base/java.util.concurrent.ThreadPoolExecutor$Worker.run(ThreadPoolExecutor.java:628)
	at java.base/java.lang.Thread.run(Thread.java:829)
]]></failure>
  </testcase>
  <testcase name="tearDown" classname="tests.LoginTest" time="0.01">
    <failure type="java.lang.NullPointerException"><![CDATA[java.lang.NullPointerException
	at base.BaseTest.tearDown(BaseTest.java:115)
	at java.base/jdk.internal.reflect.NativeMethodAccessorImpl.invoke0(Native Method)
	at java.base/jdk.internal.reflect.NativeMethodAccessorImpl.invoke(NativeMethodAccessorImpl.java:62)
	at java.base/jdk.internal.reflect.DelegatingMethodAccessorImpl.invoke(DelegatingMethodAccessorImpl.java:43)
	at java.base/java.lang.reflect.Method.invoke(Method.java:566)
	at org.testng.internal.invokers.MethodInvocationHelper.invokeMethod(MethodInvocationHelper.java:139)
	at org.testng.internal.invokers.MethodInvocationHelper.invokeMethodConsideringTimeout(MethodInvocationHelper.java:69)
	at org.testng.internal.invokers.ConfigInvoker.invokeConfigurationMethod(ConfigInvoker.java:361)
	at org.testng.internal.invokers.ConfigInvoker.invokeConfigurations(ConfigInvoker.java:296)
	at org.testng.internal.invokers.TestMethodWorker.invokeAfterClassMethods(TestMethodWorker.java:222)
	at org.testng.internal.invokers.TestMethodWorker.run(TestMethodWorker.java:131)
	at java.base/java.util.ArrayList.forEach(ArrayList.java:1541)
	at org.testng.TestRunner.privateRun(TestRunner.java:829)
	at org.testng.TestRunner.run(TestRunner.java:602)
	at org.testng.SuiteRunner.runTest(SuiteRunner.java:437)
	at org.testng.SuiteRunner$SuiteWorker.run(SuiteRunner.java:475)
	at org.testng.internal.thread.ThreadUtil.lambda$execute$0(ThreadUtil.java:58)
	at java.base/java.util.concurrent.FutureTask.run(FutureTask.java:264)
	at java.base/java.util.concurrent.ThreadPoolExecutor.runWorker(ThreadPoolExecutor.java:1128)
	at java.base/java.util.concurrent.ThreadPoolExecutor$Worker.run(ThreadPoolExecutor.java:628)
	at java.base/java.lang.Thread.run(Thread.java:829)
]]></failure>
  </testcase>
  <testcase name="setUp[chrome](0)" classname="tests.LoginTest" time="1.365">
    <failure message="Could not start a new session. Possible causes are invalid address of the remote server or browser start-up failure. &#10;Host info: host: &apos;339af3fc305f&apos;, ip: &apos;172.19.0.3&apos;" type="org.openqa.selenium.SessionNotCreatedException"><![CDATA[org.openqa.selenium.SessionNotCreatedException: 
Could not start a new session. Possible causes are invalid address of the remote server or browser start-up failure. 
Host info: host: '339af3fc305f', ip: '172.19.0.3'
	at org.openqa.selenium.remote.RemoteWebDriver.execute(RemoteWebDriver.java:561)
	at org.openqa.selenium.remote.RemoteWebDriver.startSession(RemoteWebDriver.java:229)
	at org.openqa.selenium.remote.RemoteWebDriver.<init>(RemoteWebDriver.java:157)
	at org.openqa.selenium.chromium.ChromiumDriver.<init>(ChromiumDriver.java:101)
	at org.openqa.selenium.chrome.ChromeDriver.<init>(ChromeDriver.java:88)
	at org.openqa.selenium.chrome.ChromeDriver.<init>(ChromeDriver.java:84)
	at org.openqa.selenium.chrome.ChromeDriver.<init>(ChromeDriver.java:52)
	at utilities.DriverManager.setDriver(DriverManager.java:46)
	at base.BaseTest.setUp(BaseTest.java:75)
	at java.base/jdk.internal.reflect.NativeMethodAccessorImpl.invoke0(Native Method)
	at java.base/jdk.internal.reflect.NativeMethodAccessorImpl.invoke(NativeMethodAccessorImpl.java:62)
	at java.base/jdk.internal.reflect.DelegatingMethodAccessorImpl.invoke(DelegatingMethodAccessorImpl.java:43)
	at java.base/java.lang.reflect.Method.invoke(Method.java:566)
	at org.testng.internal.invokers.MethodInvocationHelper.invokeMethod(MethodInvocationHelper.java:139)
	at org.testng.internal.invokers.MethodInvocationHelper.invokeMethodConsideringTimeout(MethodInvocationHelper.java:69)
	at org.testng.internal.invokers.ConfigInvoker.invokeConfigurationMethod(ConfigInvoker.java:361)
	at org.testng.internal.invokers.ConfigInvoker.invokeConfigurations(ConfigInvoker.java:296)
	at org.testng.internal.invokers.TestMethodWorker.invokeBeforeClassMethods(TestMethodWorker.java:180)
	at org.testng.internal.invokers.TestMethodWorker.run(TestMethodWorker.java:122)
	at java.base/java.util.ArrayList.forEach(ArrayList.java:1541)
	at org.testng.TestRunner.privateRun(TestRunner.java:829)
	at org.testng.TestRunner.run(TestRunner.java:602)
	at org.testng.SuiteRunner.runTest(SuiteRunner.java:437)
	at org.testng.SuiteRunner$SuiteWorker.run(SuiteRunner.java:475)
	at org.testng.internal.thread.ThreadUtil.lambda$execute$0(ThreadUtil.java:58)
	at java.base/java.util.concurrent.FutureTask.run(FutureTask.java:264)
	at java.base/java.util.concurrent.ThreadPoolExecutor.runWorker(ThreadPoolExecutor.java:1128)
	at java.base/java.util.concurrent.ThreadPoolExecutor$Worker.run(ThreadPoolExecutor.java:628)
	at java.base/java.lang.Thread.run(Thread.java:829)
Caused by: org.openqa.selenium.WebDriverException: Timed out waiting for driver process to start.
Build info: version: '4.9.1', revision: 'eb2032df7f'
System info: os.name: 'Linux', os.arch: 'amd64', os.version: '6.6.87.2-microsoft-standard-WSL2', java.version: '11.0.29'
Driver info: driver.version: ChromeDriver
	at org.openqa.selenium.remote.service.DriverService.start(DriverService.java:216)
	at org.openqa.selenium.remote.service.DriverCommandExecutor.execute(DriverCommandExecutor.java:114)
	at org.openqa.selenium.remote.RemoteWebDriver.execute(RemoteWebDriver.java:543)
	... 28 more
]]></failure>
    <system-out><![CDATA[
@smoke @login @datadriven
Scenario Outline: Validate login with multiple credential sets              # file:///home/seleniumbddtestframework/src/test/resources/features/SauceDemoLogin.feature:17
]]></system-out>
  </testcase>
  <testcase name="setUp[firefox](0)" classname="tests.LoginTest2Locked" time="4.298">
    <failure message="org/apache/commons/io/function/IOIterator" type="java.lang.NoClassDefFoundError"><![CDATA[java.lang.NoClassDefFoundError: org/apache/commons/io/function/IOIterator
	at io.github.bonigarcia.wdm.online.Downloader.unTarGz(Downloader.java:280)
	at io.github.bonigarcia.wdm.online.Downloader.extract(Downloader.java:193)
	at io.github.bonigarcia.wdm.online.Downloader.downloadAndExtract(Downloader.java:140)
	at io.github.bonigarcia.wdm.online.Downloader.download(Downloader.java:92)
	at io.github.bonigarcia.wdm.WebDriverManager.download(WebDriverManager.java:1299)
	at io.github.bonigarcia.wdm.WebDriverManager.manage(WebDriverManager.java:1200)
	at io.github.bonigarcia.wdm.WebDriverManager.setup(WebDriverManager.java:429)
	at utilities.DriverManager.setDriver(DriverManager.java:34)
	at base.BaseTest.setUp(BaseTest.java:75)
	at java.base/jdk.internal.reflect.NativeMethodAccessorImpl.invoke0(Native Method)
	at java.base/jdk.internal.reflect.NativeMethodAccessorImpl.invoke(NativeMethodAccessorImpl.java:62)
	at java.base/jdk.internal.reflect.DelegatingMethodAccessorImpl.invoke(DelegatingMethodAccessorImpl.java:43)
	at java.base/java.lang.reflect.Method.invoke(Method.java:566)
	at org.testng.internal.invokers.MethodInvocationHelper.invokeMethod(MethodInvocationHelper.java:139)
	at org.testng.internal.invokers.MethodInvocationHelper.invokeMethodConsideringTimeout(MethodInvocationHelper.java:69)
	at org.testng.internal.invokers.ConfigInvoker.invokeConfigurationMethod(ConfigInvoker.java:361)
	at org.testng.internal.invokers.ConfigInvoker.invokeConfigurations(ConfigInvoker.java:296)
	at org.testng.internal.invokers.TestMethodWorker.invokeBeforeClassMethods(TestMethodWorker.java:180)
	at org.testng.internal.invokers.TestMethodWorker.run(TestMethodWorker.java:122)
	at java.base/java.util.ArrayList.forEach(ArrayList.java:1541)
	at org.testng.TestRunner.privateRun(TestRunner.java:829)
	at org.testng.TestRunner.run(TestRunner.java:602)
	at org.testng.SuiteRunner.runTest(SuiteRunner.java:437)
	at org.testng.SuiteRunner$SuiteWorker.run(SuiteRunner.java:475)
	at org.testng.internal.thread.ThreadUtil.lambda$execute$0(ThreadUtil.java:58)
	at java.base/java.util.concurrent.FutureTask.run(FutureTask.java:264)
	at java.base/java.util.concurrent.ThreadPoolExecutor.runWorker(ThreadPoolExecutor.java:1128)
	at java.base/java.util.concurrent.ThreadPoolExecutor$Worker.run(ThreadPoolExecutor.java:628)
	at java.base/java.lang.Thread.run(Thread.java:829)
Caused by: java.lang.ClassNotFoundException: org.apache.commons.io.function.IOIterator
	at java.base/jdk.internal.loader.BuiltinClassLoader.loadClass(BuiltinClassLoader.java:581)
	at java.base/jdk.internal.loader.ClassLoaders$AppClassLoader.loadClass(ClassLoaders.java:178)
	at java.base/java.lang.ClassLoader.loadClass(ClassLoader.java:527)
	... 29 more
]]></failure>
    <system-out><![CDATA[
@smoke @login @datadriven
Scenario Outline: Validate login with multiple credential sets  # file:///home/seleniumbddtestframework/src/test/resources/features/SauceDemoLogin.feature:16
]]></system-out>
    <system-err><![CDATA[Dec 11, 2025 3:15:32 PM org.openqa.selenium.remote.tracing.opentelemetry.OpenTelemetryTracer createTracer
INFO: Using OpenTelemetry for tracing
]]></system-err>
  </testcase>
  <testcase name="LoginTestLockedUser" classname="tests.LoginTest2Locked" time="0">
    <skipped message="org/apache/commons/io/function/IOIterator"/>
  </testcase>
  <testcase name="LoginTestLockedUser" classname="tests.LoginTest2Locked" time="0">
    <skipped message="Could not start a new session. Possible causes are invalid address of the remote server or browser start-up failure. &#10;Host info: host: &apos;339af3fc305f&apos;, ip: &apos;172.19.0.3&apos;"/>
  </testcase>
  <testcase name="getResult" classname="tests.LoginTest2Locked" time="0">
    <skipped/>
  </testcase>
  <testcase name="getResult" classname="tests.LoginTest2Locked" time="0">
    <skipped/>
  </testcase>
  <testcase name="tearDown" classname="tests.LoginTest2Locked" time="0.004">
    <failure type="java.lang.NullPointerException"><![CDATA[java.lang.NullPointerException
	at base.BaseTest.tearDown(BaseTest.java:115)
	at java.base/jdk.internal.reflect.NativeMethodAccessorImpl.invoke0(Native Method)
	at java.base/jdk.internal.reflect.NativeMethodAccessorImpl.invoke(NativeMethodAccessorImpl.java:62)
	at java.base/jdk.internal.reflect.DelegatingMethodAccessorImpl.invoke(DelegatingMethodAccessorImpl.java:43)
	at java.base/java.lang.reflect.Method.invoke(Method.java:566)
	at org.testng.internal.invokers.MethodInvocationHelper.invokeMethod(MethodInvocationHelper.java:139)
	at org.testng.internal.invokers.MethodInvocationHelper.invokeMethodConsideringTimeout(MethodInvocationHelper.java:69)
	at org.testng.internal.invokers.ConfigInvoker.invokeConfigurationMethod(ConfigInvoker.java:361)
	at org.testng.internal.invokers.ConfigInvoker.invokeConfigurations(ConfigInvoker.java:296)
	at org.testng.internal.invokers.TestMethodWorker.invokeAfterClassMethods(TestMethodWorker.java:222)
	at org.testng.internal.invokers.TestMethodWorker.run(TestMethodWorker.java:131)
	at java.base/java.util.ArrayList.forEach(ArrayList.java:1541)
	at org.testng.TestRunner.privateRun(TestRunner.java:829)
	at org.testng.TestRunner.run(TestRunner.java:602)
	at org.testng.SuiteRunner.runTest(SuiteRunner.java:437)
	at org.testng.SuiteRunner$SuiteWorker.run(SuiteRunner.java:475)
	at org.testng.internal.thread.ThreadUtil.lambda$execute$0(ThreadUtil.java:58)
	at java.base/java.util.concurrent.FutureTask.run(FutureTask.java:264)
	at java.base/java.util.concurrent.ThreadPoolExecutor.runWorker(ThreadPoolExecutor.java:1128)
	at java.base/java.util.concurrent.ThreadPoolExecutor$Worker.run(ThreadPoolExecutor.java:628)
	at java.base/java.lang.Thread.run(Thread.java:829)
]]></failure>
  </testcase>
  <testcase name="tearDown" classname="tests.LoginTest2Locked" time="0.005">
    <failure type="java.lang.NullPointerException"><![CDATA[java.lang.NullPointerException
	at base.BaseTest.tearDown(BaseTest.java:115)
	at java.base/jdk.internal.reflect.NativeMethodAccessorImpl.invoke0(Native Method)
	at java.base/jdk.internal.reflect.NativeMethodAccessorImpl.invoke(NativeMethodAccessorImpl.java:62)
	at java.base/jdk.internal.reflect.DelegatingMethodAccessorImpl.invoke(DelegatingMethodAccessorImpl.java:43)
	at java.base/java.lang.reflect.Method.invoke(Method.java:566)
	at org.testng.internal.invokers.MethodInvocationHelper.invokeMethod(MethodInvocationHelper.java:139)
	at org.testng.internal.invokers.MethodInvocationHelper.invokeMethodConsideringTimeout(MethodInvocationHelper.java:69)
	at org.testng.internal.invokers.ConfigInvoker.invokeConfigurationMethod(ConfigInvoker.java:361)
	at org.testng.internal.invokers.ConfigInvoker.invokeConfigurations(ConfigInvoker.java:296)
	at org.testng.internal.invokers.TestMethodWorker.invokeAfterClassMethods(TestMethodWorker.java:222)
	at org.testng.internal.invokers.TestMethodWorker.run(TestMethodWorker.java:131)
	at java.base/java.util.ArrayList.forEach(ArrayList.java:1541)
	at org.testng.TestRunner.privateRun(TestRunner.java:829)
	at org.testng.TestRunner.run(TestRunner.java:602)
	at org.testng.SuiteRunner.runTest(SuiteRunner.java:437)
	at org.testng.SuiteRunner$SuiteWorker.run(SuiteRunner.java:475)
	at org.testng.internal.thread.ThreadUtil.lambda$execute$0(ThreadUtil.java:58)
	at java.base/java.util.concurrent.FutureTask.run(FutureTask.java:264)
	at java.base/java.util.concurrent.ThreadPoolExecutor.runWorker(ThreadPoolExecutor.java:1128)
	at java.base/java.util.concurrent.ThreadPoolExecutor$Worker.run(ThreadPoolExecutor.java:628)
	at java.base/java.lang.Thread.run(Thread.java:829)
]]></failure>
  </testcase>
  <testcase name="setUp[chrome](0)" classname="tests.LoginTest2Locked" time="7.096">
    <failure message="Could not start a new session. Possible causes are invalid address of the remote server or browser start-up failure. &#10;Host info: host: &apos;339af3fc305f&apos;, ip: &apos;172.19.0.3&apos;" type="org.openqa.selenium.SessionNotCreatedException"><![CDATA[org.openqa.selenium.SessionNotCreatedException: 
Could not start a new session. Possible causes are invalid address of the remote server or browser start-up failure. 
Host info: host: '339af3fc305f', ip: '172.19.0.3'
	at org.openqa.selenium.remote.RemoteWebDriver.execute(RemoteWebDriver.java:561)
	at org.openqa.selenium.remote.RemoteWebDriver.startSession(RemoteWebDriver.java:229)
	at org.openqa.selenium.remote.RemoteWebDriver.<init>(RemoteWebDriver.java:157)
	at org.openqa.selenium.chromium.ChromiumDriver.<init>(ChromiumDriver.java:101)
	at org.openqa.selenium.chrome.ChromeDriver.<init>(ChromeDriver.java:88)
	at org.openqa.selenium.chrome.ChromeDriver.<init>(ChromeDriver.java:84)
	at org.openqa.selenium.chrome.ChromeDriver.<init>(ChromeDriver.java:52)
	at utilities.DriverManager.setDriver(DriverManager.java:46)
	at base.BaseTest.setUp(BaseTest.java:75)
	at java.base/jdk.internal.reflect.NativeMethodAccessorImpl.invoke0(Native Method)
	at java.base/jdk.internal.reflect.NativeMethodAccessorImpl.invoke(NativeMethodAccessorImpl.java:62)
	at java.base/jdk.internal.reflect.DelegatingMethodAccessorImpl.invoke(DelegatingMethodAccessorImpl.java:43)
	at java.base/java.lang.reflect.Method.invoke(Method.java:566)
	at org.testng.internal.invokers.MethodInvocationHelper.invokeMethod(MethodInvocationHelper.java:139)
	at org.testng.internal.invokers.MethodInvocationHelper.invokeMethodConsideringTimeout(MethodInvocationHelper.java:69)
	at org.testng.internal.invokers.ConfigInvoker.invokeConfigurationMethod(ConfigInvoker.java:361)
	at org.testng.internal.invokers.ConfigInvoker.invokeConfigurations(ConfigInvoker.java:296)
	at org.testng.internal.invokers.TestMethodWorker.invokeBeforeClassMethods(TestMethodWorker.java:180)
	at org.testng.internal.invokers.TestMethodWorker.run(TestMethodWorker.java:122)
	at java.base/java.util.ArrayList.forEach(ArrayList.java:1541)
	at org.testng.TestRunner.privateRun(TestRunner.java:829)
	at org.testng.TestRunner.run(TestRunner.java:602)
	at org.testng.SuiteRunner.runTest(SuiteRunner.java:437)
	at org.testng.SuiteRunner$SuiteWorker.run(SuiteRunner.java:475)
	at org.testng.internal.thread.ThreadUtil.lambda$execute$0(ThreadUtil.java:58)
	at java.base/java.util.concurrent.FutureTask.run(FutureTask.java:264)
	at java.base/java.util.concurrent.ThreadPoolExecutor.runWorker(ThreadPoolExecutor.java:1128)
	at java.base/java.util.concurrent.ThreadPoolExecutor$Worker.run(ThreadPoolExecutor.java:628)
	at java.base/java.lang.Thread.run(Thread.java:829)
Caused by: org.openqa.selenium.WebDriverException: Timed out waiting for driver process to start.
Build info: version: '4.9.1', revision: 'eb2032df7f'
System info: os.name: 'Linux', os.arch: 'amd64', os.version: '6.6.87.2-microsoft-standard-WSL2', java.version: '11.0.29'
Driver info: driver.version: ChromeDriver
	at org.openqa.selenium.remote.service.DriverService.start(DriverService.java:216)
	at org.openqa.selenium.remote.service.DriverCommandExecutor.execute(DriverCommandExecutor.java:114)
	at org.openqa.selenium.remote.RemoteWebDriver.execute(RemoteWebDriver.java:543)
	... 28 more
]]></failure>
    <system-out><![CDATA[
@smoke @login @datadriven
Scenario Outline: Validate login with multiple credential sets # file:///home/seleniumbddtestframework/src/test/resources/features/SauceDemoLogin.feature:18
]]></system-out>
  </testcase>
  <testcase name="setUp[firefox](0)" classname="tests.LoginTest3ProblemUser" time="1.957">
    <failure message="org/apache/commons/io/function/IOIterator" type="java.lang.NoClassDefFoundError"><![CDATA[java.lang.NoClassDefFoundError: org/apache/commons/io/function/IOIterator
	at io.github.bonigarcia.wdm.online.Downloader.unTarGz(Downloader.java:280)
	at io.github.bonigarcia.wdm.online.Downloader.extract(Downloader.java:193)
	at io.github.bonigarcia.wdm.online.Downloader.downloadAndExtract(Downloader.java:140)
	at io.github.bonigarcia.wdm.online.Downloader.download(Downloader.java:92)
	at io.github.bonigarcia.wdm.WebDriverManager.download(WebDriverManager.java:1299)
	at io.github.bonigarcia.wdm.WebDriverManager.manage(WebDriverManager.java:1200)
	at io.github.bonigarcia.wdm.WebDriverManager.setup(WebDriverManager.java:429)
	at utilities.DriverManager.setDriver(DriverManager.java:34)
	at base.BaseTest.setUp(BaseTest.java:75)
	at java.base/jdk.internal.reflect.NativeMethodAccessorImpl.invoke0(Native Method)
	at java.base/jdk.internal.reflect.NativeMethodAccessorImpl.invoke(NativeMethodAccessorImpl.java:62)
	at java.base/jdk.internal.reflect.DelegatingMethodAccessorImpl.invoke(DelegatingMethodAccessorImpl.java:43)
	at java.base/java.lang.reflect.Method.invoke(Method.java:566)
	at org.testng.internal.invokers.MethodInvocationHelper.invokeMethod(MethodInvocationHelper.java:139)
	at org.testng.internal.invokers.MethodInvocationHelper.invokeMethodConsideringTimeout(MethodInvocationHelper.java:69)
	at org.testng.internal.invokers.ConfigInvoker.invokeConfigurationMethod(ConfigInvoker.java:361)
	at org.testng.internal.invokers.ConfigInvoker.invokeConfigurations(ConfigInvoker.java:296)
	at org.testng.internal.invokers.TestMethodWorker.invokeBeforeClassMethods(TestMethodWorker.java:180)
	at org.testng.internal.invokers.TestMethodWorker.run(TestMethodWorker.java:122)
	at java.base/java.util.ArrayList.forEach(ArrayList.java:1541)
	at org.testng.TestRunner.privateRun(TestRunner.java:829)
	at org.testng.TestRunner.run(TestRunner.java:602)
	at org.testng.SuiteRunner.runTest(SuiteRunner.java:437)
	at org.testng.SuiteRunner$SuiteWorker.run(SuiteRunner.java:475)
	at org.testng.internal.thread.ThreadUtil.lambda$execute$0(ThreadUtil.java:58)
	at java.base/java.util.concurrent.FutureTask.run(FutureTask.java:264)
	at java.base/java.util.concurrent.ThreadPoolExecutor.runWorker(ThreadPoolExecutor.java:1128)
	at java.base/java.util.concurrent.ThreadPoolExecutor$Worker.run(ThreadPoolExecutor.java:628)
	at java.base/java.lang.Thread.run(Thread.java:829)
Caused by: java.lang.ClassNotFoundException: org.apache.commons.io.function.IOIterator
	at java.base/jdk.internal.loader.BuiltinClassLoader.loadClass(BuiltinClassLoader.java:581)
	at java.base/jdk.internal.loader.ClassLoaders$AppClassLoader.loadClass(ClassLoaders.java:178)
	at java.base/java.lang.ClassLoader.loadClass(ClassLoader.java:527)
	... 29 more
]]></failure>
  </testcase>
  <testcase name="LoginTestProblemUser" classname="tests.LoginTest3ProblemUser" time="0">
    <skipped message="org/apache/commons/io/function/IOIterator"/>
  </testcase>
  <testcase name="LoginTestProblemUser" classname="tests.LoginTest3ProblemUser" time="0">
    <skipped message="Could not start a new session. Possible causes are invalid address of the remote server or browser start-up failure. &#10;Host info: host: &apos;339af3fc305f&apos;, ip: &apos;172.19.0.3&apos;"/>
  </testcase>
  <testcase name="getResult" classname="tests.LoginTest3ProblemUser" time="0">
    <skipped/>
  </testcase>
  <testcase name="getResult" classname="tests.LoginTest3ProblemUser" time="0">
    <skipped/>
  </testcase>
  <testcase name="tearDown" classname="tests.LoginTest3ProblemUser" time="0.009">
    <failure type="java.lang.NullPointerException"><![CDATA[java.lang.NullPointerException
	at base.BaseTest.tearDown(BaseTest.java:115)
	at java.base/jdk.internal.reflect.NativeMethodAccessorImpl.invoke0(Native Method)
	at java.base/jdk.internal.reflect.NativeMethodAccessorImpl.invoke(NativeMethodAccessorImpl.java:62)
	at java.base/jdk.internal.reflect.DelegatingMethodAccessorImpl.invoke(DelegatingMethodAccessorImpl.java:43)
	at java.base/java.lang.reflect.Method.invoke(Method.java:566)
	at org.testng.internal.invokers.MethodInvocationHelper.invokeMethod(MethodInvocationHelper.java:139)
	at org.testng.internal.invokers.MethodInvocationHelper.invokeMethodConsideringTimeout(MethodInvocationHelper.java:69)
	at org.testng.internal.invokers.ConfigInvoker.invokeConfigurationMethod(ConfigInvoker.java:361)
	at org.testng.internal.invokers.ConfigInvoker.invokeConfigurations(ConfigInvoker.java:296)
	at org.testng.internal.invokers.TestMethodWorker.invokeAfterClassMethods(TestMethodWorker.java:222)
	at org.testng.internal.invokers.TestMethodWorker.run(TestMethodWorker.java:131)
	at java.base/java.util.ArrayList.forEach(ArrayList.java:1541)
	at org.testng.TestRunner.privateRun(TestRunner.java:829)
	at org.testng.TestRunner.run(TestRunner.java:602)
	at org.testng.SuiteRunner.runTest(SuiteRunner.java:437)
	at org.testng.SuiteRunner$SuiteWorker.run(SuiteRunner.java:475)
	at org.testng.internal.thread.ThreadUtil.lambda$execute$0(ThreadUtil.java:58)
	at java.base/java.util.concurrent.FutureTask.run(FutureTask.java:264)
	at java.base/java.util.concurrent.ThreadPoolExecutor.runWorker(ThreadPoolExecutor.java:1128)
	at java.base/java.util.concurrent.ThreadPoolExecutor$Worker.run(ThreadPoolExecutor.java:628)
	at java.base/java.lang.Thread.run(Thread.java:829)
]]></failure>
  </testcase>
  <testcase name="tearDown" classname="tests.LoginTest3ProblemUser" time="0.008">
    <failure type="java.lang.NullPointerException"><![CDATA[java.lang.NullPointerException
	at base.BaseTest.tearDown(BaseTest.java:115)
	at java.base/jdk.internal.reflect.NativeMethodAccessorImpl.invoke0(Native Method)
	at java.base/jdk.internal.reflect.NativeMethodAccessorImpl.invoke(NativeMethodAccessorImpl.java:62)
	at java.base/jdk.internal.reflect.DelegatingMethodAccessorImpl.invoke(DelegatingMethodAccessorImpl.java:43)
	at java.base/java.lang.reflect.Method.invoke(Method.java:566)
	at org.testng.internal.invokers.MethodInvocationHelper.invokeMethod(MethodInvocationHelper.java:139)
	at org.testng.internal.invokers.MethodInvocationHelper.invokeMethodConsideringTimeout(MethodInvocationHelper.java:69)
	at org.testng.internal.invokers.ConfigInvoker.invokeConfigurationMethod(ConfigInvoker.java:361)
	at org.testng.internal.invokers.ConfigInvoker.invokeConfigurations(ConfigInvoker.java:296)
	at org.testng.internal.invokers.TestMethodWorker.invokeAfterClassMethods(TestMethodWorker.java:222)
	at org.testng.internal.invokers.TestMethodWorker.run(TestMethodWorker.java:131)
	at java.base/java.util.ArrayList.forEach(ArrayList.java:1541)
	at org.testng.TestRunner.privateRun(TestRunner.java:829)
	at org.testng.TestRunner.run(TestRunner.java:602)
	at org.testng.SuiteRunner.runTest(SuiteRunner.java:437)
	at org.testng.SuiteRunner$SuiteWorker.run(SuiteRunner.java:475)
	at org.testng.internal.thread.ThreadUtil.lambda$execute$0(ThreadUtil.java:58)
	at java.base/java.util.concurrent.FutureTask.run(FutureTask.java:264)
	at java.base/java.util.concurrent.ThreadPoolExecutor.runWorker(ThreadPoolExecutor.java:1128)
	at java.base/java.util.concurrent.ThreadPoolExecutor$Worker.run(ThreadPoolExecutor.java:628)
	at java.base/java.lang.Thread.run(Thread.java:829)
]]></failure>
  </testcase>
  <testcase name="setUp[chrome](0)" classname="tests.LoginTest3ProblemUser" time="0.964">
    <failure message="Could not start a new session. Possible causes are invalid address of the remote server or browser start-up failure. &#10;Host info: host: &apos;339af3fc305f&apos;, ip: &apos;172.19.0.3&apos;" type="org.openqa.selenium.SessionNotCreatedException"><![CDATA[org.openqa.selenium.SessionNotCreatedException: 
Could not start a new session. Possible causes are invalid address of the remote server or browser start-up failure. 
Host info: host: '339af3fc305f', ip: '172.19.0.3'
	at org.openqa.selenium.remote.RemoteWebDriver.execute(RemoteWebDriver.java:561)
	at org.openqa.selenium.remote.RemoteWebDriver.startSession(RemoteWebDriver.java:229)
	at org.openqa.selenium.remote.RemoteWebDriver.<init>(RemoteWebDriver.java:157)
	at org.openqa.selenium.chromium.ChromiumDriver.<init>(ChromiumDriver.java:101)
	at org.openqa.selenium.chrome.ChromeDriver.<init>(ChromeDriver.java:88)
	at org.openqa.selenium.chrome.ChromeDriver.<init>(ChromeDriver.java:84)
	at org.openqa.selenium.chrome.ChromeDriver.<init>(ChromeDriver.java:52)
	at utilities.DriverManager.setDriver(DriverManager.java:46)
	at base.BaseTest.setUp(BaseTest.java:75)
	at java.base/jdk.internal.reflect.NativeMethodAccessorImpl.invoke0(Native Method)
	at java.base/jdk.internal.reflect.NativeMethodAccessorImpl.invoke(NativeMethodAccessorImpl.java:62)
	at java.base/jdk.internal.reflect.DelegatingMethodAccessorImpl.invoke(DelegatingMethodAccessorImpl.java:43)
	at java.base/java.lang.reflect.Method.invoke(Method.java:566)
	at org.testng.internal.invokers.MethodInvocationHelper.invokeMethod(MethodInvocationHelper.java:139)
	at org.testng.internal.invokers.MethodInvocationHelper.invokeMethodConsideringTimeout(MethodInvocationHelper.java:69)
	at org.testng.internal.invokers.ConfigInvoker.invokeConfigurationMethod(ConfigInvoker.java:361)
	at org.testng.internal.invokers.ConfigInvoker.invokeConfigurations(ConfigInvoker.java:296)
	at org.testng.internal.invokers.TestMethodWorker.invokeBeforeClassMethods(TestMethodWorker.java:180)
	at org.testng.internal.invokers.TestMethodWorker.run(TestMethodWorker.java:122)
	at java.base/java.util.ArrayList.forEach(ArrayList.java:1541)
	at org.testng.TestRunner.privateRun(TestRunner.java:829)
	at org.testng.TestRunner.run(TestRunner.java:602)
	at org.testng.SuiteRunner.runTest(SuiteRunner.java:437)
	at org.testng.SuiteRunner$SuiteWorker.run(SuiteRunner.java:475)
	at org.testng.internal.thread.ThreadUtil.lambda$execute$0(ThreadUtil.java:58)
	at java.base/java.util.concurrent.FutureTask.run(FutureTask.java:264)
	at java.base/java.util.concurrent.ThreadPoolExecutor.runWorker(ThreadPoolExecutor.java:1128)
	at java.base/java.util.concurrent.ThreadPoolExecutor$Worker.run(ThreadPoolExecutor.java:628)
	at java.base/java.lang.Thread.run(Thread.java:829)
Caused by: org.openqa.selenium.WebDriverException: Timed out waiting for driver process to start.
Build info: version: '4.9.1', revision: 'eb2032df7f'
System info: os.name: 'Linux', os.arch: 'amd64', os.version: '6.6.87.2-microsoft-standard-WSL2', java.version: '11.0.29'
Driver info: driver.version: ChromeDriver
	at org.openqa.selenium.remote.service.DriverService.start(DriverService.java:216)
	at org.openqa.selenium.remote.service.DriverCommandExecutor.execute(DriverCommandExecutor.java:114)
	at org.openqa.selenium.remote.RemoteWebDriver.execute(RemoteWebDriver.java:543)
	... 28 more
]]></failure>
    <system-out><![CDATA[
@smoke @login @datadriven
Scenario Outline: Validate login with multiple credential sets # file:///home/seleniumbddtestframework/src/test/resources/features/SauceDemoLogin.feature:20
]]></system-out>
  </testcase>
  <testcase name="runScenario[&quot;Validate login with multiple credential sets&quot;, &quot;Sauce Demo Login Validation&quot;](1)" classname="runners.TestRunner1" time="17.617">
    <failure type="java.lang.NullPointerException"><![CDATA[java.lang.NullPointerException
	at stepDefinitions.LoginStepsForSauceDemo.the_user_navigates_to_the_sauce_demo_login_page(LoginStepsForSauceDemo.java:19)
	at ✽.the user navigates to the Sauce Demo login page(file:///home/seleniumbddtestframework/src/test/resources/features/SauceDemoLogin.feature:5)
]]></failure>
    <system-out><![CDATA[  ✘ Given the user navigates to the Sauce Demo login page       # stepDefinitions.LoginStepsForSauceDemo.the_user_navigates_to_the_sauce_demo_login_page()
        java.lang.NullPointerException
        	at stepDefinitions.LoginStepsForSauceDemo.the_user_navigates_to_the_sauce_demo_login_page(LoginStepsForSauceDemo.java:19)
        	at ✽.the user navigates to the Sauce Demo login page(file:///home/seleniumbddtestframework/src/test/resources/features/SauceDemoLogin.feature:5)
  ↷ Given the user enters "standard_user" in the username field # stepDefinitions.LoginStepsForSauceDemo.the_user_enters_in_the_username_field(java.lang.String)
  ↷ And the user enters "secret_sauce" in the password field    # stepDefinitions.LoginStepsForSauceDemo.the_user_enters_in_the_password_field(java.lang.String)
  ↷ When the user clicks the login button                       # stepDefinitions.LoginStepsForSauceDemo.the_user_clicks_the_login_button()
  ↷ Then the login result should be "success"                   # stepDefinitions.LoginStepsForSauceDemo.the_login_result_should_be(java.lang.String)
  ↷ And the user should see "Products page should be visible"   # stepDefinitions.LoginStepsForSauceDemo.the_user_should_see(java.lang.String)

        Embedding Validate login with multiple credential sets [image/png 21315 bytes]

]]></system-out>
  </testcase>
  <testcase name="runScenario[&quot;Validate login with multiple credential sets&quot;, &quot;Sauce Demo Login Validation&quot;](2)" classname="runners.TestRunner1" time="13.802">
    <failure type="java.lang.NullPointerException"><![CDATA[java.lang.NullPointerException
	at stepDefinitions.LoginStepsForSauceDemo.the_user_navigates_to_the_sauce_demo_login_page(LoginStepsForSauceDemo.java:19)
	at ✽.the user navigates to the Sauce Demo login page(file:///home/seleniumbddtestframework/src/test/resources/features/SauceDemoLogin.feature:5)
]]></failure>
    <system-out><![CDATA[  ✘ Given the user navigates to the Sauce Demo login page                   # stepDefinitions.LoginStepsForSauceDemo.the_user_navigates_to_the_sauce_demo_login_page()
        java.lang.NullPointerException
        	at stepDefinitions.LoginStepsForSauceDemo.the_user_navigates_to_the_sauce_demo_login_page(LoginStepsForSauceDemo.java:19)
        	at ✽.the user navigates to the Sauce Demo login page(file:///home/seleniumbddtestframework/src/test/resources/features/SauceDemoLogin.feature:5)
  ↷ Given the user enters "locked_out_user" in the username field           # stepDefinitions.LoginStepsForSauceDemo.the_user_enters_in_the_username_field(java.lang.String)
  ↷ And the user enters "secret_sauce" in the password field                # stepDefinitions.LoginStepsForSauceDemo.the_user_enters_in_the_password_field(java.lang.String)
  ↷ When the user clicks the login button                                   # stepDefinitions.LoginStepsForSauceDemo.the_user_clicks_the_login_button()
  ↷ Then the login result should be "failure"                               # stepDefinitions.LoginStepsForSauceDemo.the_login_result_should_be(java.lang.String)
  ↷ And the user should see "Epic sadface: Sorry, this user is locked out." # stepDefinitions.LoginStepsForSauceDemo.the_user_should_see(java.lang.String)

        Embedding Validate login with multiple credential sets [image/png 21315 bytes]

]]></system-out>
  </testcase>
  <testcase name="runScenario[&quot;Validate login with multiple credential sets&quot;, &quot;Sauce Demo Login Validation&quot;](3)" classname="runners.TestRunner1" time="7.036">
    <failure type="java.lang.NullPointerException"><![CDATA[java.lang.NullPointerException
	at stepDefinitions.LoginStepsForSauceDemo.the_user_navigates_to_the_sauce_demo_login_page(LoginStepsForSauceDemo.java:19)
	at ✽.the user navigates to the Sauce Demo login page(file:///home/seleniumbddtestframework/src/test/resources/features/SauceDemoLogin.feature:5)
]]></failure>
    <system-out><![CDATA[  ✘ Given the user navigates to the Sauce Demo login page      # stepDefinitions.LoginStepsForSauceDemo.the_user_navigates_to_the_sauce_demo_login_page()
        java.lang.NullPointerException
        	at stepDefinitions.LoginStepsForSauceDemo.the_user_navigates_to_the_sauce_demo_login_page(LoginStepsForSauceDemo.java:19)
        	at ✽.the user navigates to the Sauce Demo login page(file:///home/seleniumbddtestframework/src/test/resources/features/SauceDemoLogin.feature:5)
  ↷ Given the user enters "problem_user" in the username field # stepDefinitions.LoginStepsForSauceDemo.the_user_enters_in_the_username_field(java.lang.String)
  ↷ And the user enters "secret_sauce" in the password field   # stepDefinitions.LoginStepsForSauceDemo.the_user_enters_in_the_password_field(java.lang.String)
  ↷ When the user clicks the login button                      # stepDefinitions.LoginStepsForSauceDemo.the_user_clicks_the_login_button()
  ↷ Then the login result should be "success"                  # stepDefinitions.LoginStepsForSauceDemo.the_login_result_should_be(java.lang.String)
  ↷ And the user should see "Products page should be visible"  # stepDefinitions.LoginStepsForSauceDemo.the_user_should_see(java.lang.String)

        Embedding Validate login with multiple credential sets [image/png 21315 bytes]

]]></system-out>
  </testcase>
  <testcase name="runScenario[&quot;Validate login with multiple credential sets&quot;, &quot;Sauce Demo Login Validation&quot;](4)" classname="runners.TestRunner1" time="12.639">
    <failure type="java.lang.NullPointerException"><![CDATA[java.lang.NullPointerException
	at stepDefinitions.LoginStepsForSauceDemo.the_user_navigates_to_the_sauce_demo_login_page(LoginStepsForSauceDemo.java:19)
	at ✽.the user navigates to the Sauce Demo login page(file:///home/seleniumbddtestframework/src/test/resources/features/SauceDemoLogin.feature:5)
]]></failure>
    <system-out><![CDATA[
@smoke @login @datadriven
Scenario Outline: Validate login with multiple credential sets   # file:///home/seleniumbddtestframework/src/test/resources/features/SauceDemoLogin.feature:19
  ✘ Given the user navigates to the Sauce Demo login page        # stepDefinitions.LoginStepsForSauceDemo.the_user_navigates_to_the_sauce_demo_login_page()
        java.lang.NullPointerException
        	at stepDefinitions.LoginStepsForSauceDemo.the_user_navigates_to_the_sauce_demo_login_page(LoginStepsForSauceDemo.java:19)
        	at ✽.the user navigates to the Sauce Demo login page(file:///home/seleniumbddtestframework/src/test/resources/features/SauceDemoLogin.feature:5)
  ↷ Given the user enters "invalid_user" in the username field   # stepDefinitions.LoginStepsForSauceDemo.the_user_enters_in_the_username_field(java.lang.String)
  ↷ And the user enters "wrong_pass" in the password field       # stepDefinitions.LoginStepsForSauceDemo.the_user_enters_in_the_password_field(java.lang.String)
  ↷ When the user clicks the login button                        # stepDefinitions.LoginStepsForSauceDemo.the_user_clicks_the_login_button()
  ↷ Then the login result should be "failure"                    # stepDefinitions.LoginStepsForSauceDemo.the_login_result_should_be(java.lang.String)
  ↷ And the user should see "Username and password do not match" # stepDefinitions.LoginStepsForSauceDemo.the_user_should_see(java.lang.String)

        Embedding Validate login with multiple credential sets [image/png 21315 bytes]

]]></system-out>
  </testcase>
  <testcase name="runScenario[&quot;Validate login with multiple credential sets&quot;, &quot;Sauce Demo Login Validation&quot;](5)" classname="runners.TestRunner1" time="11.713">
    <failure type="java.lang.NullPointerException"><![CDATA[java.lang.NullPointerException
	at stepDefinitions.LoginStepsForSauceDemo.the_user_navigates_to_the_sauce_demo_login_page(LoginStepsForSauceDemo.java:19)
	at ✽.the user navigates to the Sauce Demo login page(file:///home/seleniumbddtestframework/src/test/resources/features/SauceDemoLogin.feature:5)
]]></failure>
    <system-out><![CDATA[  ✘ Given the user navigates to the Sauce Demo login page      # stepDefinitions.LoginStepsForSauceDemo.the_user_navigates_to_the_sauce_demo_login_page()
        java.lang.NullPointerException
        	at stepDefinitions.LoginStepsForSauceDemo.the_user_navigates_to_the_sauce_demo_login_page(LoginStepsForSauceDemo.java:19)
        	at ✽.the user navigates to the Sauce Demo login page(file:///home/seleniumbddtestframework/src/test/resources/features/SauceDemoLogin.feature:5)
  ↷ Given the user enters "" in the username field             # stepDefinitions.LoginStepsForSauceDemo.the_user_enters_in_the_username_field(java.lang.String)
  ↷ And the user enters "secret_sauce" in the password field   # stepDefinitions.LoginStepsForSauceDemo.the_user_enters_in_the_password_field(java.lang.String)
  ↷ When the user clicks the login button                      # stepDefinitions.LoginStepsForSauceDemo.the_user_clicks_the_login_button()
  ↷ Then the login result should be "failure"                  # stepDefinitions.LoginStepsForSauceDemo.the_login_result_should_be(java.lang.String)
  ↷ And the user should see "Username is required"             # stepDefinitions.LoginStepsForSauceDemo.the_user_should_see(java.lang.String)

        Embedding Validate login with multiple credential sets [image/png 21315 bytes]

]]></system-out>
  </testcase>
  <testcase name="runScenario[&quot;Validate login with multiple credential sets&quot;, &quot;Sauce Demo Login Validation&quot;](6)" classname="runners.TestRunner1" time="7.808">
    <failure type="java.lang.NullPointerException"><![CDATA[java.lang.NullPointerException
	at stepDefinitions.LoginStepsForSauceDemo.the_user_navigates_to_the_sauce_demo_login_page(LoginStepsForSauceDemo.java:19)
	at ✽.the user navigates to the Sauce Demo login page(file:///home/seleniumbddtestframework/src/test/resources/features/SauceDemoLogin.feature:5)
]]></failure>
    <system-out><![CDATA[
@smoke @login @datadriven
Scenario Outline: Validate login with multiple credential sets  # file:///home/seleniumbddtestframework/src/test/resources/features/SauceDemoLogin.feature:21
  ✘ Given the user navigates to the Sauce Demo login page       # stepDefinitions.LoginStepsForSauceDemo.the_user_navigates_to_the_sauce_demo_login_page()
        java.lang.NullPointerException
        	at stepDefinitions.LoginStepsForSauceDemo.the_user_navigates_to_the_sauce_demo_login_page(LoginStepsForSauceDemo.java:19)
        	at ✽.the user navigates to the Sauce Demo login page(file:///home/seleniumbddtestframework/src/test/resources/features/SauceDemoLogin.feature:5)
  ↷ Given the user enters "standard_user" in the username field # stepDefinitions.LoginStepsForSauceDemo.the_user_enters_in_the_username_field(java.lang.String)
  ↷ And the user enters "" in the password field                # stepDefinitions.LoginStepsForSauceDemo.the_user_enters_in_the_password_field(java.lang.String)
  ↷ When the user clicks the login button                       # stepDefinitions.LoginStepsForSauceDemo.the_user_clicks_the_login_button()
  ↷ Then the login result should be "failure"                   # stepDefinitions.LoginStepsForSauceDemo.the_login_result_should_be(java.lang.String)
  ↷ And the user should see "Password is required"              # stepDefinitions.LoginStepsForSauceDemo.the_user_should_see(java.lang.String)

        Embedding Validate login with multiple credential sets [image/png 21315 bytes]

]]></system-out>
  </testcase>
</testsuite>