<?xml version="1.0" encoding="UTF-8"?>
<!-- Generated by org.testng.reporters.JUnitXMLReporter -->
<testsuite ignored="4" hostname="339af3fc305f" failures="0" tests="3" name="Firefox Test" time="16.015" errors="0" timestamp="2025-12-11T15:15:37 GMT">
  <testcase classname="tests.LoginTest" name="LoginTest" time="0.0">
    <skipped/>
  </testcase> <!-- LoginTest -->
  <testcase classname="tests.LoginTest2Locked" name="LoginTestLockedUser" time="0.0">
    <skipped/>
  </testcase> <!-- LoginTestLockedUser -->
  <testcase classname="tests.LoginTest3ProblemUser" name="LoginTestProblemUser" time="0.0">
    <skipped/>
  </testcase> <!-- LoginTestProblemUser -->
  <testcase classname="base.BaseTest" name="@BeforeSuite startTest" time="0.0">
    <ignored/>
  </testcase> <!-- @BeforeSuite startTest -->
  <testcase classname="base.BaseTest" name="@AfterSuite endReport" time="0.0">
    <ignored/>
  </testcase> <!-- @AfterSuite endReport -->
  <testcase classname="base.BaseTest" name="@AfterSuite endReport" time="0.0">
    <ignored/>
  </testcase> <!-- @AfterSuite endReport -->
  <testcase classname="base.BaseTest" name="@BeforeSuite startTest" time="0.0">
    <ignored/>
  </testcase> <!-- @BeforeSuite startTest -->
</testsuite> <!-- Firefox Test -->
