<?xml version="1.0" encoding="UTF-8"?>
<testsuite xmlns:xsi="http://www.w3.org/2001/XMLSchema-instance" xsi:noNamespaceSchemaLocation="https://maven.apache.org/surefire/maven-surefire-plugin/xsd/surefire-test-report-3.0.xsd" version="3.0" name="TestSuite" time="71.847" tests="6" errors="0" skipped="0" failures="1">
  <properties>
[...]
</properties>
  <testcase name="runScenario[&quot;Validate login with multiple credential sets&quot;, &quot;Sauce Demo Login Validation&quot;](1)" classname="runners.TestRunner1" time="5.961">
    <system-out><![CDATA[...
... TestNG 7.7.0 by Cédric Beust (cedric@beust.com)
...


@smoke @login @datadriven
Scenario Outline: Validate login with multiple credential sets  # file:///D:/BDDWithDDT/src/test/resources/features/SauceDemoLogin.feature:16
  ✔ Given the user navigates to the Sauce Demo login page       # stepDefinitions.LoginStepsForSauceDemo.the_user_navigates_to_the_sauce_demo_login_page()
  ✔ Given the user enters "standard_user" in the username field # stepDefinitions.LoginStepsForSauceDemo.the_user_enters_in_the_username_field(java.lang.String)
  ✔ And the user enters "secret_sauce" in the password field    # stepDefinitions.LoginStepsForSauceDemo.the_user_enters_in_the_password_field(java.lang.String)
  ✔ When the user clicks the login button                       # stepDefinitions.LoginStepsForSauceDemo.the_user_clicks_the_login_button()
  ✔ Then the login result should be "success"                   # stepDefinitions.LoginStepsForSauceDemo.the_login_result_should_be(java.lang.String)
  ✔ And the user should see "Products page should be visible"   # stepDefinitions.LoginStepsForSauceDemo.the_user_should_see(java.lang.String)
]]></system-out>
    <system-err><![CDATA[Starting ChromeDriver 143.0.7499.169 (164b20aab62509dad21fd46383951aeec084ad1e-refs/branch-heads/7499@{#3399}) on port 31182
Only local connections are allowed.
Please see https://chromedriver.chromium.org/security-considerations for suggestions on keeping ChromeDriver safe.
ChromeDriver was started successfully on port 31182.
Dec 22, 2025 8:58:19 PM org.openqa.selenium.devtools.CdpVersionFinder findNearestMatch
WARNING: Unable to find CDP implementation matching 143
Dec 22, 2025 8:58:19 PM org.openqa.selenium.chromium.ChromiumDriver lambda$new$3
WARNING: Unable to find version of CDP to use for . You may need to include a dependency on a specific version of the CDP using something similar to `org.seleniumhq.selenium:selenium-devtools-v86:4.9.1` where the version ("v86") matches the version of the chromium-based browser you're using and the version number of the artifact is the same as Selenium's.
]]></system-err>
  </testcase>
  <testcase name="runScenario[&quot;Validate login with multiple credential sets&quot;, &quot;Sauce Demo Login Validation&quot;](2)" classname="runners.TestRunner1" time="13.73">
    <failure message="Expected error not found. Actual: Epic sadface: Sorry, this user has been locked out. expected [true] but found [false]" type="java.lang.AssertionError"><![CDATA[java.lang.AssertionError: Expected error not found. Actual: Epic sadface: Sorry, this user has been locked out. expected [true] but found [false]
	at org.testng.Assert.fail(Assert.java:110)
	at org.testng.Assert.failNotEquals(Assert.java:1413)
	at org.testng.Assert.assertTrue(Assert.java:56)
	at stepDefinitions.LoginStepsForSauceDemo.the_user_should_see(LoginStepsForSauceDemo.java:57)
	at ✽.the user should see "Epic sadface: Sorry, this user is locked out."(file:///D:/BDDWithDDT/src/test/resources/features/SauceDemoLogin.feature:12)
]]></failure>
    <system-out><![CDATA[
@smoke @login @datadriven
Scenario Outline: Validate login with multiple credential sets              # file:///D:/BDDWithDDT/src/test/resources/features/SauceDemoLogin.feature:17
  ✔ Given the user navigates to the Sauce Demo login page                   # stepDefinitions.LoginStepsForSauceDemo.the_user_navigates_to_the_sauce_demo_login_page()
  ✔ Given the user enters "locked_out_user" in the username field           # stepDefinitions.LoginStepsForSauceDemo.the_user_enters_in_the_username_field(java.lang.String)
  ✔ And the user enters "secret_sauce" in the password field                # stepDefinitions.LoginStepsForSauceDemo.the_user_enters_in_the_password_field(java.lang.String)
  ✔ When the user clicks the login button                                   # stepDefinitions.LoginStepsForSauceDemo.the_user_clicks_the_login_button()
  ✔ Then the login result should be "failure"                               # stepDefinitions.LoginStepsForSauceDemo.the_login_result_should_be(java.lang.String)
  ✘ And the user should see "Epic sadface: Sorry, this user is locked out." # stepDefinitions.LoginStepsForSauceDemo.the_user_should_see(java.lang.String)
        java.lang.AssertionError: Expected error not found. Actual: Epic sadface: Sorry, this user has been locked out. expected [true] but found [false]
        	at org.testng.Assert.fail(Assert.java:110)
        	at org.testng.Assert.failNotEquals(Assert.java:1413)
        	at org.testng.Assert.assertTrue(Assert.java:56)
        	at stepDefinitions.LoginStepsForSauceDemo.the_user_should_see(LoginStepsForSauceDemo.java:57)
        	at ✽.the user should see "Epic sadface: Sorry, this user is locked out."(file:///D:/BDDWithDDT/src/test/resources/features/SauceDemoLogin.feature:12)

        Embedding Validate login with multiple credential sets [image/png 29052 bytes]

]]></system-out>
    <system-err><![CDATA[Starting ChromeDriver 143.0.7499.169 (164b20aab62509dad21fd46383951aeec084ad1e-refs/branch-heads/7499@{#3399}) on port 32811
Only local connections are allowed.
Please see https://chromedriver.chromium.org/security-considerations for suggestions on keeping ChromeDriver safe.
ChromeDriver was started successfully on port 32811.
Dec 22, 2025 8:58:23 PM org.openqa.selenium.devtools.CdpVersionFinder findNearestMatch
WARNING: Unable to find CDP implementation matching 143
Dec 22, 2025 8:58:23 PM org.openqa.selenium.chromium.ChromiumDriver lambda$new$3
WARNING: Unable to find version of CDP to use for . You may need to include a dependency on a specific version of the CDP using something similar to `org.seleniumhq.selenium:selenium-devtools-v86:4.9.1` where the version ("v86") matches the version of the chromium-based browser you're using and the version number of the artifact is the same as Selenium's.
]]></system-err>
  </testcase>
  <testcase name="runScenario[&quot;Validate login with multiple credential sets&quot;, &quot;Sauce Demo Login Validation&quot;](3)" classname="runners.TestRunner1" time="3.639">
    <system-out><![CDATA[
@smoke @login @datadriven
Scenario Outline: Validate login with multiple credential sets # file:///D:/BDDWithDDT/src/test/resources/features/SauceDemoLogin.feature:18
  ✔ Given the user navigates to the Sauce Demo login page      # stepDefinitions.LoginStepsForSauceDemo.the_user_navigates_to_the_sauce_demo_login_page()
  ✔ Given the user enters "problem_user" in the username field # stepDefinitions.LoginStepsForSauceDemo.the_user_enters_in_the_username_field(java.lang.String)
  ✔ And the user enters "secret_sauce" in the password field   # stepDefinitions.LoginStepsForSauceDemo.the_user_enters_in_the_password_field(java.lang.String)
  ✔ When the user clicks the login button                      # stepDefinitions.LoginStepsForSauceDemo.the_user_clicks_the_login_button()
  ✔ Then the login result should be "success"                  # stepDefinitions.LoginStepsForSauceDemo.the_login_result_should_be(java.lang.String)
  ✔ And the user should see "Products page should be visible"  # stepDefinitions.LoginStepsForSauceDemo.the_user_should_see(java.lang.String)
]]></system-out>
    <system-err><![CDATA[Starting ChromeDriver 143.0.7499.169 (164b20aab62509dad21fd46383951aeec084ad1e-refs/branch-heads/7499@{#3399}) on port 43309
Only local connections are allowed.
Please see https://chromedriver.chromium.org/security-considerations for suggestions on keeping ChromeDriver safe.
ChromeDriver was started successfully on port 43309.
Dec 22, 2025 8:58:37 PM org.openqa.selenium.devtools.CdpVersionFinder findNearestMatch
WARNING: Unable to find CDP implementation matching 143
Dec 22, 2025 8:58:37 PM org.openqa.selenium.chromium.ChromiumDriver lambda$new$3
WARNING: Unable to find version of CDP to use for . You may need to include a dependency on a specific version of the CDP using something similar to `org.seleniumhq.selenium:selenium-devtools-v86:4.9.1` where the version ("v86") matches the version of the chromium-based browser you're using and the version number of the artifact is the same as Selenium's.
]]></system-err>
  </testcase>
  <testcase name="runScenario[&quot;Validate login with multiple credential sets&quot;, &quot;Sauce Demo Login Validation&quot;](4)" classname="runners.TestRunner1" time="15.179">
    <system-out><![CDATA[
@smoke @login @datadriven
Scenario Outline: Validate login with multiple credential sets   # file:///D:/BDDWithDDT/src/test/resources/features/SauceDemoLogin.feature:19
  ✔ Given the user navigates to the Sauce Demo login page        # stepDefinitions.LoginStepsForSauceDemo.the_user_navigates_to_the_sauce_demo_login_page()
  ✔ Given the user enters "invalid_user" in the username field   # stepDefinitions.LoginStepsForSauceDemo.the_user_enters_in_the_username_field(java.lang.String)
  ✔ And the user enters "wrong_pass" in the password field       # stepDefinitions.LoginStepsForSauceDemo.the_user_enters_in_the_password_field(java.lang.String)
  ✔ When the user clicks the login button                        # stepDefinitions.LoginStepsForSauceDemo.the_user_clicks_the_login_button()
  ✔ Then the login result should be "failure"                    # stepDefinitions.LoginStepsForSauceDemo.the_login_result_should_be(java.lang.String)
  ✔ And the user should see "Username and password do not match" # stepDefinitions.LoginStepsForSauceDemo.the_user_should_see(java.lang.String)
]]></system-out>
    <system-err><![CDATA[Starting ChromeDriver 143.0.7499.169 (164b20aab62509dad21fd46383951aeec084ad1e-refs/branch-heads/7499@{#3399}) on port 46172
Only local connections are allowed.
Please see https://chromedriver.chromium.org/security-considerations for suggestions on keeping ChromeDriver safe.
ChromeDriver was started successfully on port 46172.
Dec 22, 2025 8:58:40 PM org.openqa.selenium.devtools.CdpVersionFinder findNearestMatch
WARNING: Unable to find CDP implementation matching 143
Dec 22, 2025 8:58:40 PM org.openqa.selenium.chromium.ChromiumDriver lambda$new$3
WARNING: Unable to find version of CDP to use for . You may need to include a dependency on a specific version of the CDP using something similar to `org.seleniumhq.selenium:selenium-devtools-v86:4.9.1` where the version ("v86") matches the version of the chromium-based browser you're using and the version number of the artifact is the same as Selenium's.
]]></system-err>
  </testcase>
  <testcase name="runScenario[&quot;Validate login with multiple credential sets&quot;, &quot;Sauce Demo Login Validation&quot;](5)" classname="runners.TestRunner1" time="13.806">
    <system-out><![CDATA[
@smoke @login @datadriven
Scenario Outline: Validate login with multiple credential sets # file:///D:/BDDWithDDT/src/test/resources/features/SauceDemoLogin.feature:20
  ✔ Given the user navigates to the Sauce Demo login page      # stepDefinitions.LoginStepsForSauceDemo.the_user_navigates_to_the_sauce_demo_login_page()
  ✔ Given the user enters "" in the username field             # stepDefinitions.LoginStepsForSauceDemo.the_user_enters_in_the_username_field(java.lang.String)
  ✔ And the user enters "secret_sauce" in the password field   # stepDefinitions.LoginStepsForSauceDemo.the_user_enters_in_the_password_field(java.lang.String)
  ✔ When the user clicks the login button                      # stepDefinitions.LoginStepsForSauceDemo.the_user_clicks_the_login_button()
  ✔ Then the login result should be "failure"                  # stepDefinitions.LoginStepsForSauceDemo.the_login_result_should_be(java.lang.String)
  ✔ And the user should see "Username is required"             # stepDefinitions.LoginStepsForSauceDemo.the_user_should_see(java.lang.String)
]]></system-out>
    <system-err><![CDATA[Starting ChromeDriver 143.0.7499.169 (164b20aab62509dad21fd46383951aeec084ad1e-refs/branch-heads/7499@{#3399}) on port 10624
Only local connections are allowed.
Please see https://chromedriver.chromium.org/security-considerations for suggestions on keeping ChromeDriver safe.
ChromeDriver was started successfully on port 10624.
Dec 22, 2025 8:58:56 PM org.openqa.selenium.devtools.CdpVersionFinder findNearestMatch
WARNING: Unable to find CDP implementation matching 143
Dec 22, 2025 8:58:56 PM org.openqa.selenium.chromium.ChromiumDriver lambda$new$3
WARNING: Unable to find version of CDP to use for . You may need to include a dependency on a specific version of the CDP using something similar to `org.seleniumhq.selenium:selenium-devtools-v86:4.9.1` where the version ("v86") matches the version of the chromium-based browser you're using and the version number of the artifact is the same as Selenium's.
]]></system-err>
  </testcase>
  <testcase name="runScenario[&quot;Validate login with multiple credential sets&quot;, &quot;Sauce Demo Login Validation&quot;](6)" classname="runners.TestRunner1" time="13.718">
    <system-out><![CDATA[
@smoke @login @datadriven
Scenario Outline: Validate login with multiple credential sets  # file:///D:/BDDWithDDT/src/test/resources/features/SauceDemoLogin.feature:21
  ✔ Given the user navigates to the Sauce Demo login page       # stepDefinitions.LoginStepsForSauceDemo.the_user_navigates_to_the_sauce_demo_login_page()
  ✔ Given the user enters "standard_user" in the username field # stepDefinitions.LoginStepsForSauceDemo.the_user_enters_in_the_username_field(java.lang.String)
  ✔ And the user enters "" in the password field                # stepDefinitions.LoginStepsForSauceDemo.the_user_enters_in_the_password_field(java.lang.String)
  ✔ When the user clicks the login button                       # stepDefinitions.LoginStepsForSauceDemo.the_user_clicks_the_login_button()
  ✔ Then the login result should be "failure"                   # stepDefinitions.LoginStepsForSauceDemo.the_login_result_should_be(java.lang.String)
  ✔ And the user should see "Password is required"              # stepDefinitions.LoginStepsForSauceDemo.the_user_should_see(java.lang.String)
]]></system-out>
    <system-err><![CDATA[Starting ChromeDriver 143.0.7499.169 (164b20aab62509dad21fd46383951aeec084ad1e-refs/branch-heads/7499@{#3399}) on port 42367
Only local connections are allowed.
Please see https://chromedriver.chromium.org/security-considerations for suggestions on keeping ChromeDriver safe.
ChromeDriver was started successfully on port 42367.
Dec 22, 2025 8:59:10 PM org.openqa.selenium.devtools.CdpVersionFinder findNearestMatch
WARNING: Unable to find CDP implementation matching 143
Dec 22, 2025 8:59:10 PM org.openqa.selenium.chromium.ChromiumDriver lambda$new$3
WARNING: Unable to find version of CDP to use for . You may need to include a dependency on a specific version of the CDP using something similar to `org.seleniumhq.selenium:selenium-devtools-v86:4.9.1` where the version ("v86") matches the version of the chromium-based browser you're using and the version number of the artifact is the same as Selenium's.
]]></system-err>
  </testcase>
</testsuite>