<?xml version="1.0" encoding="UTF-8"?>
<testng-results ignored="0" total="1" passed="1" failed="0" skipped="0">
  <reporter-output>
  </reporter-output>
  <suite started-at="2025-12-23T15:08:11 IST" name="Default suite" finished-at="2025-12-23T15:08:11 IST" duration-ms="71">
    <groups>
    </groups>
    <test started-at="2025-12-23T15:08:11 IST" name="Default test" finished-at="2025-12-23T15:08:11 IST" duration-ms="71">
      <class name="OwnPractice.UserRegistrationTest">
        <test-method signature="createUserTest()[pri:0, instance:OwnPractice.UserRegistrationTest@1af687fe]" started-at="2025-12-23T15:08:11 IST" name="createUserTest" finished-at="2025-12-23T15:08:11 IST" duration-ms="14" status="PASS">
          <reporter-output>
          </reporter-output>
        </test-method> <!-- createUserTest -->
      </class> <!-- OwnPractice.UserRegistrationTest -->
    </test> <!-- Default test -->
  </suite> <!-- Default suite -->
</testng-results>
