<?xml version="1.0" encoding="UTF-8"?>
<!-- Generated by org.testng.reporters.JUnitReportReporter -->
<testsuite hostname="DESKTOP-1C037RJ" failures="0" tests="3" name="javaProgramiz.LoginTest" time="0.025" errors="0" timestamp="2025-10-23T14:30:33 IST" skipped="0">
  <testcase classname="javaProgramiz.LoginTest" name="testLogin" time="0.003"/>
  <system-out/>
  <testcase classname="javaProgramiz.LoginTest" name="testLogin" time="0.007"/>
  <system-out/>
  <testcase classname="javaProgramiz.LoginTest" name="testLogin" time="0.015"/>
  <system-out/>
</testsuite> <!-- javaProgramiz.LoginTest -->
