<?xml version="1.0" encoding="UTF-8"?>
<!-- Generated by org.testng.reporters.JUnitReportReporter -->
<testsuite hostname="DESKTOP-1C037RJ" failures="0" tests="2" name="tests.LoginTest3ProblemUser" time="1.313" errors="0" timestamp="2025-12-11T20:24:08 IST" skipped="0">
  <testcase classname="tests.LoginTest3ProblemUser" name="LoginTestProblemUser" time="0.664"/>
  <system-out/>
  <testcase classname="tests.LoginTest3ProblemUser" name="LoginTestProblemUser" time="0.649"/>
  <system-out/>
</testsuite> <!-- tests.LoginTest3ProblemUser -->
