<?xml version="1.0" encoding="UTF-8"?>
<!-- Generated by org.testng.reporters.JUnitReportReporter -->
<testsuite hostname="DESKTOP-1C037RJ" failures="0" tests="2" name="ExcelUtility.testWithExcel" time="0.015" errors="0" timestamp="2025-10-28T15:11:16 IST" skipped="0">
  <testcase classname="ExcelUtility.testWithExcel" name="LoginTest" time="0.003"/>
  <system-out/>
  <testcase classname="ExcelUtility.testWithExcel" name="LoginTest" time="0.012"/>
  <system-out/>
</testsuite> <!-- ExcelUtility.testWithExcel -->
