<?xml version="1.0" encoding="UTF-8"?>
<!-- Generated by org.testng.reporters.JUnitReportReporter -->
<testsuite hostname="DESKTOP-1C037RJ" failures="0" tests="2" name="tests.LoginTest2Locked" time="1.385" errors="0" timestamp="2025-12-11T20:24:08 IST" skipped="0">
  <testcase classname="tests.LoginTest2Locked" name="LoginTestLockedUser" time="0.722"/>
  <system-out/>
  <testcase classname="tests.LoginTest2Locked" name="LoginTestLockedUser" time="0.663"/>
  <system-out/>
</testsuite> <!-- tests.LoginTest2Locked -->
