<?xml version="1.0" encoding="UTF-8"?>
<!-- Generated by org.testng.reporters.JUnitReportReporter -->
<testsuite hostname="DESKTOP-1C037RJ" failures="0" tests="3" name="ExcelData.DataProvider" time="0.028" errors="0" timestamp="2025-12-20T14:41:48 IST" skipped="0">
  <testcase classname="ExcelData.DataProvider" name="GetDataFromExcel" time="0.014"/>
  <system-out/>
  <testcase classname="ExcelData.DataProvider" name="GetDataFromExcel" time="0.009"/>
  <system-out/>
  <testcase classname="ExcelData.DataProvider" name="GetDataFromExcel" time="0.005"/>
  <system-out/>
</testsuite> <!-- ExcelData.DataProvider -->
