<?xml version="1.0" encoding="UTF-8"?>
<!-- Generated by org.testng.reporters.JUnitReportReporter -->
<testsuite hostname="DESKTOP-1C037RJ" failures="1" tests="6" name="runners.TestRunner1" time="66.023" errors="0" timestamp="2025-12-22T20:59:25 IST" skipped="0">
  <testcase classname="runners.TestRunner1" name="runScenario" time="13.717"/>
  <system-out/>
  <testcase classname="runners.TestRunner1" name="runScenario" time="13.723">
    <failure message="Expected error not found. Actual: Epic sadface: Sorry, this user has been locked out. expected [true] but found [false]" type="java.lang.AssertionError">
      <![CDATA[java.lang.AssertionError: Expected error not found. Actual: Epic sadface: Sorry, this user has been locked out. expected [true] but found [false]
at org.testng.Assert.fail(Assert.java:110)
at org.testng.Assert.failNotEquals(Assert.java:1413)
at org.testng.Assert.assertTrue(Assert.java:56)
at stepDefinitions.LoginStepsForSauceDemo.the_user_should_see(LoginStepsForSauceDemo.java:57)
at ✽.the user should see "Epic sadface: Sorry, this user is locked out."(file:///D:/BDDWithDDT/src/test/resources/features/SauceDemoLogin.feature:12)
]]>
    </failure>
  </testcase> <!-- runScenario -->
  <system-out/>
  <testcase classname="runners.TestRunner1" name="runScenario" time="5.958"/>
  <system-out/>
  <testcase classname="runners.TestRunner1" name="runScenario" time="13.805"/>
  <system-out/>
  <testcase classname="runners.TestRunner1" name="runScenario" time="3.641"/>
  <system-out/>
  <testcase classname="runners.TestRunner1" name="runScenario" time="15.179"/>
  <system-out/>
</testsuite> <!-- runners.TestRunner1 -->
